c:\users\t-gamer\onedrive\documentos\github\jogoc\jogo\jogo\x64\debug\vc143.pdb
c:\users\t-gamer\onedrive\documentos\github\jogoc\jogo\jogo\x64\debug\vc143.idb
c:\users\t-gamer\onedrive\documentos\github\jogoc\jogo\jogo\x64\debug\texto.obj
c:\users\t-gamer\onedrive\documentos\github\jogoc\jogo\jogo\x64\debug\observado.obj
c:\users\t-gamer\onedrive\documentos\github\jogoc\jogo\jogo\x64\debug\jogo.obj
c:\users\t-gamer\onedrive\documentos\github\jogoc\jogo\jogo\x64\debug\plataforma.obj
c:\users\t-gamer\onedrive\documentos\github\jogoc\jogo\jogo\x64\debug\personagem.obj
c:\users\t-gamer\onedrive\documentos\github\jogoc\jogo\jogo\x64\debug\gerenciadorcolisoes.obj
c:\users\t-gamer\onedrive\documentos\github\jogoc\jogo\jogo\x64\debug\obstaculo.obj
c:\users\t-gamer\onedrive\documentos\github\jogoc\jogo\jogo\x64\debug\observadorjogador.obj
c:\users\t-gamer\onedrive\documentos\github\jogoc\jogo\jogo\x64\debug\observador.obj
c:\users\t-gamer\onedrive\documentos\github\jogoc\jogo\jogo\x64\debug\listaentidade.obj
c:\users\t-gamer\onedrive\documentos\github\jogoc\jogo\jogo\x64\debug\jogador.obj
c:\users\t-gamer\onedrive\documentos\github\jogoc\jogo\jogo\x64\debug\inimigo.obj
c:\users\t-gamer\onedrive\documentos\github\jogoc\jogo\jogo\x64\debug\gerenciadorgrafico.obj
c:\users\t-gamer\onedrive\documentos\github\jogoc\jogo\jogo\x64\debug\gerenciadoreventos.obj
c:\users\t-gamer\onedrive\documentos\github\jogoc\jogo\jogo\x64\debug\fase01.obj
c:\users\t-gamer\onedrive\documentos\github\jogoc\jogo\jogo\x64\debug\fase.obj
c:\users\t-gamer\onedrive\documentos\github\jogoc\jogo\jogo\x64\debug\entidade.obj
c:\users\t-gamer\onedrive\documentos\github\jogoc\jogo\jogo\x64\debug\ente.obj
c:\users\t-gamer\onedrive\documentos\github\jogoc\jogo\jogo\x64\debug\main.obj
c:\users\t-gamer\onedrive\documentos\github\jogoc\jogo\jogo\x64\debug\animacao.obj
c:\users\t-gamer\onedrive\documentos\github\jogoc\jogo\jogo\x64\debug\stdafx.obj
c:\users\t-gamer\onedrive\documentos\github\jogoc\jogo\jogo\x64\debug\gerenciadorsalvar.obj
c:\users\t-gamer\onedrive\documentos\github\jogoc\jogo\jogo\x64\debug\observadormenu.obj
c:\users\t-gamer\onedrive\documentos\github\jogoc\jogo\jogo\x64\debug\menuprincipal.obj
c:\users\t-gamer\onedrive\documentos\github\jogoc\jogo\jogo\x64\debug\menu.obj
c:\users\t-gamer\onedrive\documentos\github\jogoc\jogo\jogo\x64\debug\estado.obj
c:\users\t-gamer\onedrive\documentos\github\jogoc\jogo\jogo\x64\debug\estadomenu.obj
c:\users\t-gamer\onedrive\documentos\github\jogoc\jogo\jogo\x64\debug\botao.obj
c:\users\t-gamer\onedrive\documentos\github\jogoc\jogo\jogo\x64\debug\gerenciadorestado.obj
c:\users\t-gamer\onedrive\documentos\github\jogoc\jogo\jogo\x64\debug\estadojogar.obj
c:\users\t-gamer\onedrive\documentos\github\jogoc\jogo\jogo\x64\debug\observadorfase.obj
c:\users\t-gamer\onedrive\documentos\github\jogoc\jogo\jogo\x64\debug\menuopcoes.obj
c:\users\t-gamer\onedrive\documentos\github\jogoc\jogo\jogo\x64\debug\menusalvarcolocacao.obj
c:\users\t-gamer\onedrive\documentos\github\jogoc\jogo\jogo\x64\debug\menucolocacao.obj
c:\users\t-gamer\onedrive\documentos\github\jogoc\jogo\jogo\x64\debug\camera.obj
c:\users\t-gamer\onedrive\documentos\github\jogoc\jogo\jogo\x64\debug\guerreiraathena.obj
c:\users\t-gamer\onedrive\documentos\github\jogoc\jogo\jogo\x64\debug\arma.obj
c:\users\t-gamer\onedrive\documentos\github\jogoc\jogo\jogo\x64\debug\gorgona.obj
c:\users\t-gamer\onedrive\documentos\github\jogoc\jogo\x64\debug\jogo.exe
c:\users\t-gamer\onedrive\documentos\github\jogoc\jogo\x64\debug\jogo.pdb
c:\users\t-gamer\onedrive\documentos\github\jogoc\jogo\jogo\x64\debug\jogo.ilk
c:\users\t-gamer\onedrive\documentos\github\jogoc\jogo\jogo\x64\debug\animation.obj
c:\users\t-gamer\onedrive\documentos\github\jogoc\jogo\jogo\x64\debug\observer.obj
c:\users\t-gamer\onedrive\documentos\github\jogoc\jogo\jogo\x64\debug\observerjogador.obj
c:\users\t-gamer\onedrive\documentos\github\jogoc\jogo\jogo\x64\debug\principal.obj
c:\users\t-gamer\onedrive\documentos\github\jogoc\jogo\jogo\x64\debug\subject.obj
c:\users\t-gamer\onedrive\documentos\github\jogoc\jogo\jogo\x64\debug\jogo.obj.enc
c:\users\t-gamer\onedrive\documentos\github\jogoc\jogo\jogo\x64\debug\jogo.tlog\cl.command.1.tlog
c:\users\t-gamer\onedrive\documentos\github\jogoc\jogo\jogo\x64\debug\jogo.tlog\cl.items.tlog
c:\users\t-gamer\onedrive\documentos\github\jogoc\jogo\jogo\x64\debug\jogo.tlog\cl.read.1.tlog
c:\users\t-gamer\onedrive\documentos\github\jogoc\jogo\jogo\x64\debug\jogo.tlog\cl.write.1.tlog
c:\users\t-gamer\onedrive\documentos\github\jogoc\jogo\jogo\x64\debug\jogo.tlog\link.command.1.tlog
c:\users\t-gamer\onedrive\documentos\github\jogoc\jogo\jogo\x64\debug\jogo.tlog\link.read.1.tlog
c:\users\t-gamer\onedrive\documentos\github\jogoc\jogo\jogo\x64\debug\jogo.tlog\link.secondary.1.tlog
c:\users\t-gamer\onedrive\documentos\github\jogoc\jogo\jogo\x64\debug\jogo.tlog\link.write.1.tlog
