c:\users\alano\source\repos\jogoc\jogo\jogo\x64\release\vc143.pdb
c:\users\alano\source\repos\jogoc\jogo\jogo\x64\release\texto.obj
c:\users\alano\source\repos\jogoc\jogo\jogo\x64\release\observado.obj
c:\users\alano\source\repos\jogoc\jogo\jogo\x64\release\jogo.obj
c:\users\alano\source\repos\jogoc\jogo\jogo\x64\release\plataforma.obj
c:\users\alano\source\repos\jogoc\jogo\jogo\x64\release\personagem.obj
c:\users\alano\source\repos\jogoc\jogo\jogo\x64\release\gerenciadorcolisoes.obj
c:\users\alano\source\repos\jogoc\jogo\jogo\x64\release\obstaculo.obj
c:\users\alano\source\repos\jogoc\jogo\jogo\x64\release\observadorjogador.obj
c:\users\alano\source\repos\jogoc\jogo\jogo\x64\release\observador.obj
c:\users\alano\source\repos\jogoc\jogo\jogo\x64\release\listaentidade.obj
c:\users\alano\source\repos\jogoc\jogo\jogo\x64\release\jogador.obj
c:\users\alano\source\repos\jogoc\jogo\jogo\x64\release\inimigo.obj
c:\users\alano\source\repos\jogoc\jogo\jogo\x64\release\gerenciadorgrafico.obj
c:\users\alano\source\repos\jogoc\jogo\jogo\x64\release\gerenciadoreventos.obj
c:\users\alano\source\repos\jogoc\jogo\jogo\x64\release\fase01.obj
c:\users\alano\source\repos\jogoc\jogo\jogo\x64\release\fase.obj
c:\users\alano\source\repos\jogoc\jogo\jogo\x64\release\entidade.obj
c:\users\alano\source\repos\jogoc\jogo\jogo\x64\release\ente.obj
c:\users\alano\source\repos\jogoc\jogo\jogo\x64\release\main.obj
c:\users\alano\source\repos\jogoc\jogo\jogo\x64\release\animacao.obj
c:\users\alano\source\repos\jogoc\jogo\jogo\x64\release\stdafx.obj
c:\users\alano\source\repos\jogoc\jogo\x64\release\jogo.exe
c:\users\alano\source\repos\jogoc\jogo\x64\release\jogo.pdb
c:\users\alano\source\repos\jogoc\jogo\jogo\x64\release\jogo.ipdb
c:\users\alano\source\repos\jogoc\jogo\jogo\x64\release\jogo.iobj
c:\users\alano\source\repos\jogoc\jogo\jogo\x64\release\jogo.tlog\cl.command.1.tlog
c:\users\alano\source\repos\jogoc\jogo\jogo\x64\release\jogo.tlog\cl.items.tlog
c:\users\alano\source\repos\jogoc\jogo\jogo\x64\release\jogo.tlog\cl.read.1.tlog
c:\users\alano\source\repos\jogoc\jogo\jogo\x64\release\jogo.tlog\cl.write.1.tlog
c:\users\alano\source\repos\jogoc\jogo\jogo\x64\release\jogo.tlog\link.command.1.tlog
c:\users\alano\source\repos\jogoc\jogo\jogo\x64\release\jogo.tlog\link.read.1.tlog
c:\users\alano\source\repos\jogoc\jogo\jogo\x64\release\jogo.tlog\link.secondary.1.tlog
c:\users\alano\source\repos\jogoc\jogo\jogo\x64\release\jogo.tlog\link.write.1.tlog
